have_header: checking for alloca.h... -------------------- yes

"gcc -o conftest -I/Users/xieyinghua/.rvm/rubies/ruby-2.3.1/include/ruby-2.3.0/x86_64-darwin17 -I/Users/xieyinghua/.rvm/rubies/ruby-2.3.1/include/ruby-2.3.0/ruby/backward -I/Users/xieyinghua/.rvm/rubies/ruby-2.3.1/include/ruby-2.3.0 -I/Users/xieyinghua/workspace/arrivalsort/vendor/bundle/ruby/2.3.0/gems/passenger-6.0.2/src/ruby_native_extension  -I/usr/local/opt/libyaml/include -I/usr/local/opt/readline/include -I/usr/local/opt/libksba/include -I/usr/local/opt/openssl/include -D_XOPEN_SOURCE -D_DARWIN_C_SOURCE -D_DARWIN_UNLIMITED_SELECT -D_REENTRANT    -O3 -fno-fast-math -ggdb3 -Wall -Wextra -Wno-unused-parameter -Wno-parentheses -Wno-long-long -Wno-missing-field-initializers -Wunused-variable -Wpointer-arith -Wwrite-strings -Wdeclaration-after-statement -Wshorten-64-to-32 -Wimplicit-function-declaration -Wdivision-by-zero -Wdeprecated-declarations -Wextra-tokens  -fno-common -pipe -g conftest.c  -L. -L/Users/xieyinghua/.rvm/rubies/ruby-2.3.1/lib -L/usr/local/opt/libyaml/lib -L/usr/local/opt/readline/lib -L/usr/local/opt/libksba/lib -L/usr/local/opt/openssl/lib -L. -fstack-protector -L/usr/local/lib -L/usr/local/opt/libyaml/lib -L/usr/local/opt/readline/lib -L/usr/local/opt/libksba/lib -L/usr/local/opt/openssl/lib     -lruby.2.3.0  -lpthread -lgmp -ldl -lobjc "
checked program was:
/* begin */
1: #include "ruby.h"
2: 
3: int main(int argc, char **argv)
4: {
5:   return 0;
6: }
/* end */

"gcc -E -I/Users/xieyinghua/.rvm/rubies/ruby-2.3.1/include/ruby-2.3.0/x86_64-darwin17 -I/Users/xieyinghua/.rvm/rubies/ruby-2.3.1/include/ruby-2.3.0/ruby/backward -I/Users/xieyinghua/.rvm/rubies/ruby-2.3.1/include/ruby-2.3.0 -I/Users/xieyinghua/workspace/arrivalsort/vendor/bundle/ruby/2.3.0/gems/passenger-6.0.2/src/ruby_native_extension  -I/usr/local/opt/libyaml/include -I/usr/local/opt/readline/include -I/usr/local/opt/libksba/include -I/usr/local/opt/openssl/include -D_XOPEN_SOURCE -D_DARWIN_C_SOURCE -D_DARWIN_UNLIMITED_SELECT -D_REENTRANT    -O3 -fno-fast-math -ggdb3 -Wall -Wextra -Wno-unused-parameter -Wno-parentheses -Wno-long-long -Wno-missing-field-initializers -Wunused-variable -Wpointer-arith -Wwrite-strings -Wdeclaration-after-statement -Wshorten-64-to-32 -Wimplicit-function-declaration -Wdivision-by-zero -Wdeprecated-declarations -Wextra-tokens  -fno-common -pipe -g  conftest.c -o conftest.i"
checked program was:
/* begin */
1: #include "ruby.h"
2: 
3: #include <alloca.h>
/* end */

--------------------

have_header: checking for ruby/version.h... -------------------- yes

"gcc -E -I/Users/xieyinghua/.rvm/rubies/ruby-2.3.1/include/ruby-2.3.0/x86_64-darwin17 -I/Users/xieyinghua/.rvm/rubies/ruby-2.3.1/include/ruby-2.3.0/ruby/backward -I/Users/xieyinghua/.rvm/rubies/ruby-2.3.1/include/ruby-2.3.0 -I/Users/xieyinghua/workspace/arrivalsort/vendor/bundle/ruby/2.3.0/gems/passenger-6.0.2/src/ruby_native_extension  -I/usr/local/opt/libyaml/include -I/usr/local/opt/readline/include -I/usr/local/opt/libksba/include -I/usr/local/opt/openssl/include -D_XOPEN_SOURCE -D_DARWIN_C_SOURCE -D_DARWIN_UNLIMITED_SELECT -D_REENTRANT    -O3 -fno-fast-math -ggdb3 -Wall -Wextra -Wno-unused-parameter -Wno-parentheses -Wno-long-long -Wno-missing-field-initializers -Wunused-variable -Wpointer-arith -Wwrite-strings -Wdeclaration-after-statement -Wshorten-64-to-32 -Wimplicit-function-declaration -Wdivision-by-zero -Wdeprecated-declarations -Wextra-tokens  -fno-common -pipe -g  conftest.c -o conftest.i"
checked program was:
/* begin */
1: #include "ruby.h"
2: 
3: #include <ruby/version.h>
/* end */

--------------------

have_header: checking for ruby/io.h... -------------------- yes

"gcc -E -I/Users/xieyinghua/.rvm/rubies/ruby-2.3.1/include/ruby-2.3.0/x86_64-darwin17 -I/Users/xieyinghua/.rvm/rubies/ruby-2.3.1/include/ruby-2.3.0/ruby/backward -I/Users/xieyinghua/.rvm/rubies/ruby-2.3.1/include/ruby-2.3.0 -I/Users/xieyinghua/workspace/arrivalsort/vendor/bundle/ruby/2.3.0/gems/passenger-6.0.2/src/ruby_native_extension  -I/usr/local/opt/libyaml/include -I/usr/local/opt/readline/include -I/usr/local/opt/libksba/include -I/usr/local/opt/openssl/include -D_XOPEN_SOURCE -D_DARWIN_C_SOURCE -D_DARWIN_UNLIMITED_SELECT -D_REENTRANT    -O3 -fno-fast-math -ggdb3 -Wall -Wextra -Wno-unused-parameter -Wno-parentheses -Wno-long-long -Wno-missing-field-initializers -Wunused-variable -Wpointer-arith -Wwrite-strings -Wdeclaration-after-statement -Wshorten-64-to-32 -Wimplicit-function-declaration -Wdivision-by-zero -Wdeprecated-declarations -Wextra-tokens  -fno-common -pipe -g  conftest.c -o conftest.i"
checked program was:
/* begin */
1: #include "ruby.h"
2: 
3: #include <ruby/io.h>
/* end */

--------------------

have_header: checking for ruby/thread.h... -------------------- yes

"gcc -E -I/Users/xieyinghua/.rvm/rubies/ruby-2.3.1/include/ruby-2.3.0/x86_64-darwin17 -I/Users/xieyinghua/.rvm/rubies/ruby-2.3.1/include/ruby-2.3.0/ruby/backward -I/Users/xieyinghua/.rvm/rubies/ruby-2.3.1/include/ruby-2.3.0 -I/Users/xieyinghua/workspace/arrivalsort/vendor/bundle/ruby/2.3.0/gems/passenger-6.0.2/src/ruby_native_extension  -I/usr/local/opt/libyaml/include -I/usr/local/opt/readline/include -I/usr/local/opt/libksba/include -I/usr/local/opt/openssl/include -D_XOPEN_SOURCE -D_DARWIN_C_SOURCE -D_DARWIN_UNLIMITED_SELECT -D_REENTRANT    -O3 -fno-fast-math -ggdb3 -Wall -Wextra -Wno-unused-parameter -Wno-parentheses -Wno-long-long -Wno-missing-field-initializers -Wunused-variable -Wpointer-arith -Wwrite-strings -Wdeclaration-after-statement -Wshorten-64-to-32 -Wimplicit-function-declaration -Wdivision-by-zero -Wdeprecated-declarations -Wextra-tokens  -fno-common -pipe -g  conftest.c -o conftest.i"
checked program was:
/* begin */
1: #include "ruby.h"
2: 
3: #include <ruby/thread.h>
/* end */

--------------------

have_var: checking for ruby_version... -------------------- no

"gcc -I/Users/xieyinghua/.rvm/rubies/ruby-2.3.1/include/ruby-2.3.0/x86_64-darwin17 -I/Users/xieyinghua/.rvm/rubies/ruby-2.3.1/include/ruby-2.3.0/ruby/backward -I/Users/xieyinghua/.rvm/rubies/ruby-2.3.1/include/ruby-2.3.0 -I/Users/xieyinghua/workspace/arrivalsort/vendor/bundle/ruby/2.3.0/gems/passenger-6.0.2/src/ruby_native_extension  -I/usr/local/opt/libyaml/include -I/usr/local/opt/readline/include -I/usr/local/opt/libksba/include -I/usr/local/opt/openssl/include -D_XOPEN_SOURCE -D_DARWIN_C_SOURCE -D_DARWIN_UNLIMITED_SELECT -D_REENTRANT    -O3 -fno-fast-math -ggdb3 -Wall -Wextra -Wno-unused-parameter -Wno-parentheses -Wno-long-long -Wno-missing-field-initializers -Wunused-variable -Wpointer-arith -Wwrite-strings -Wdeclaration-after-statement -Wshorten-64-to-32 -Wimplicit-function-declaration -Wdivision-by-zero -Wdeprecated-declarations -Wextra-tokens  -fno-common -pipe -g   -c conftest.c"
conftest.c:13:55: error: use of undeclared identifier 'ruby_version'
int t(void) { const volatile void *volatile p; p = &(&ruby_version)[0]; return !p; }
                                                      ^
1 error generated.
checked program was:
/* begin */
 1: #include "ruby.h"
 2: 
 3: /*top*/
 4: extern int t(void);
 5: int main(int argc, char **argv)
 6: {
 7:   if (argc > 1000000) {
 8:     printf("%p", &t);
 9:   }
10: 
11:   return 0;
12: }
13: int t(void) { const volatile void *volatile p; p = &(&ruby_version)[0]; return !p; }
/* end */

--------------------

have_func: checking for rb_thread_io_blocking_region() in ruby/io.h... -------------------- yes

"gcc -o conftest -I/Users/xieyinghua/.rvm/rubies/ruby-2.3.1/include/ruby-2.3.0/x86_64-darwin17 -I/Users/xieyinghua/.rvm/rubies/ruby-2.3.1/include/ruby-2.3.0/ruby/backward -I/Users/xieyinghua/.rvm/rubies/ruby-2.3.1/include/ruby-2.3.0 -I/Users/xieyinghua/workspace/arrivalsort/vendor/bundle/ruby/2.3.0/gems/passenger-6.0.2/src/ruby_native_extension  -I/usr/local/opt/libyaml/include -I/usr/local/opt/readline/include -I/usr/local/opt/libksba/include -I/usr/local/opt/openssl/include -D_XOPEN_SOURCE -D_DARWIN_C_SOURCE -D_DARWIN_UNLIMITED_SELECT -D_REENTRANT    -O3 -fno-fast-math -ggdb3 -Wall -Wextra -Wno-unused-parameter -Wno-parentheses -Wno-long-long -Wno-missing-field-initializers -Wunused-variable -Wpointer-arith -Wwrite-strings -Wdeclaration-after-statement -Wshorten-64-to-32 -Wimplicit-function-declaration -Wdivision-by-zero -Wdeprecated-declarations -Wextra-tokens  -fno-common -pipe -g conftest.c  -L. -L/Users/xieyinghua/.rvm/rubies/ruby-2.3.1/lib -L/usr/local/opt/libyaml/lib -L/usr/local/opt/readline/lib -L/usr/local/opt/libksba/lib -L/usr/local/opt/openssl/lib -L. -fstack-protector -L/usr/local/lib -L/usr/local/opt/libyaml/lib -L/usr/local/opt/readline/lib -L/usr/local/opt/libksba/lib -L/usr/local/opt/openssl/lib     -lruby.2.3.0  -lpthread -lgmp -ldl -lobjc "
conftest.c:15:57: error: use of undeclared identifier 'rb_thread_io_blocking_region'
int t(void) { void ((*volatile p)()); p = (void ((*)()))rb_thread_io_blocking_region; return !p; }
                                                        ^
1 error generated.
checked program was:
/* begin */
 1: #include "ruby.h"
 2: 
 3: #include <ruby/io.h>
 4: 
 5: /*top*/
 6: extern int t(void);
 7: int main(int argc, char **argv)
 8: {
 9:   if (argc > 1000000) {
10:     printf("%p", &t);
11:   }
12: 
13:   return 0;
14: }
15: int t(void) { void ((*volatile p)()); p = (void ((*)()))rb_thread_io_blocking_region; return !p; }
/* end */

"gcc -o conftest -I/Users/xieyinghua/.rvm/rubies/ruby-2.3.1/include/ruby-2.3.0/x86_64-darwin17 -I/Users/xieyinghua/.rvm/rubies/ruby-2.3.1/include/ruby-2.3.0/ruby/backward -I/Users/xieyinghua/.rvm/rubies/ruby-2.3.1/include/ruby-2.3.0 -I/Users/xieyinghua/workspace/arrivalsort/vendor/bundle/ruby/2.3.0/gems/passenger-6.0.2/src/ruby_native_extension  -I/usr/local/opt/libyaml/include -I/usr/local/opt/readline/include -I/usr/local/opt/libksba/include -I/usr/local/opt/openssl/include -D_XOPEN_SOURCE -D_DARWIN_C_SOURCE -D_DARWIN_UNLIMITED_SELECT -D_REENTRANT    -O3 -fno-fast-math -ggdb3 -Wall -Wextra -Wno-unused-parameter -Wno-parentheses -Wno-long-long -Wno-missing-field-initializers -Wunused-variable -Wpointer-arith -Wwrite-strings -Wdeclaration-after-statement -Wshorten-64-to-32 -Wimplicit-function-declaration -Wdivision-by-zero -Wdeprecated-declarations -Wextra-tokens  -fno-common -pipe -g conftest.c  -L. -L/Users/xieyinghua/.rvm/rubies/ruby-2.3.1/lib -L/usr/local/opt/libyaml/lib -L/usr/local/opt/readline/lib -L/usr/local/opt/libksba/lib -L/usr/local/opt/openssl/lib -L. -fstack-protector -L/usr/local/lib -L/usr/local/opt/libyaml/lib -L/usr/local/opt/readline/lib -L/usr/local/opt/libksba/lib -L/usr/local/opt/openssl/lib     -lruby.2.3.0  -lpthread -lgmp -ldl -lobjc "
checked program was:
/* begin */
 1: #include "ruby.h"
 2: 
 3: #include <ruby/io.h>
 4: 
 5: /*top*/
 6: extern int t(void);
 7: int main(int argc, char **argv)
 8: {
 9:   if (argc > 1000000) {
10:     printf("%p", &t);
11:   }
12: 
13:   return 0;
14: }
15: extern void rb_thread_io_blocking_region();
16: int t(void) { rb_thread_io_blocking_region(); return 0; }
/* end */

--------------------

have_func: checking for rb_thread_call_without_gvl() in ruby/thread.h... -------------------- yes

"gcc -o conftest -I/Users/xieyinghua/.rvm/rubies/ruby-2.3.1/include/ruby-2.3.0/x86_64-darwin17 -I/Users/xieyinghua/.rvm/rubies/ruby-2.3.1/include/ruby-2.3.0/ruby/backward -I/Users/xieyinghua/.rvm/rubies/ruby-2.3.1/include/ruby-2.3.0 -I/Users/xieyinghua/workspace/arrivalsort/vendor/bundle/ruby/2.3.0/gems/passenger-6.0.2/src/ruby_native_extension  -I/usr/local/opt/libyaml/include -I/usr/local/opt/readline/include -I/usr/local/opt/libksba/include -I/usr/local/opt/openssl/include -D_XOPEN_SOURCE -D_DARWIN_C_SOURCE -D_DARWIN_UNLIMITED_SELECT -D_REENTRANT    -O3 -fno-fast-math -ggdb3 -Wall -Wextra -Wno-unused-parameter -Wno-parentheses -Wno-long-long -Wno-missing-field-initializers -Wunused-variable -Wpointer-arith -Wwrite-strings -Wdeclaration-after-statement -Wshorten-64-to-32 -Wimplicit-function-declaration -Wdivision-by-zero -Wdeprecated-declarations -Wextra-tokens  -fno-common -pipe -g conftest.c  -L. -L/Users/xieyinghua/.rvm/rubies/ruby-2.3.1/lib -L/usr/local/opt/libyaml/lib -L/usr/local/opt/readline/lib -L/usr/local/opt/libksba/lib -L/usr/local/opt/openssl/lib -L. -fstack-protector -L/usr/local/lib -L/usr/local/opt/libyaml/lib -L/usr/local/opt/readline/lib -L/usr/local/opt/libksba/lib -L/usr/local/opt/openssl/lib     -lruby.2.3.0  -lpthread -lgmp -ldl -lobjc "
checked program was:
/* begin */
 1: #include "ruby.h"
 2: 
 3: #include <ruby/thread.h>
 4: 
 5: /*top*/
 6: extern int t(void);
 7: int main(int argc, char **argv)
 8: {
 9:   if (argc > 1000000) {
10:     printf("%p", &t);
11:   }
12: 
13:   return 0;
14: }
15: int t(void) { void ((*volatile p)()); p = (void ((*)()))rb_thread_call_without_gvl; return !p; }
/* end */

--------------------

